Analysis & Elaboration report for BIP
Thu Jul 28 13:25:08 2022
Quartus Prime Version 21.1.0 Build 842 10/21/2021 SJ Lite Edition


---------------------
; Table of Contents ;
---------------------
  1. Legal Notice
  2. Analysis & Elaboration Summary
  3. Parallel Compilation
  4. Analysis & Elaboration Settings
  5. Analysis & Elaboration Messages



----------------
; Legal Notice ;
----------------
Copyright (C) 2021  Intel Corporation. All rights reserved.
Your use of Intel Corporation's design tools, logic functions 
and other software and tools, and any partner logic 
functions, and any output files from any of the foregoing 
(including device programming or simulation files), and any 
associated documentation or information are expressly subject 
to the terms and conditions of the Intel Program License 
Subscription Agreement, the Intel Quartus Prime License Agreement,
the Intel FPGA IP License Agreement, or other applicable license
agreement, including, without limitation, that your use is for
the sole purpose of programming logic devices manufactured by
Intel and sold by Intel or its authorized distributors.  Please
refer to the applicable agreement for further details, at
https://fpgasoftware.intel.com/eula.



+----------------------------------------------------------------------------------+
; Analysis & Elaboration Summary                                                   ;
+------------------------------------+---------------------------------------------+
; Analysis & Elaboration Status      ; Successful - Thu Jul 28 13:25:08 2022       ;
; Quartus Prime Version              ; 21.1.0 Build 842 10/21/2021 SJ Lite Edition ;
; Revision Name                      ; BIP                                         ;
; Top-level Entity Name              ; MUX2X1                                      ;
; Family                             ; MAX 10                                      ;
; Total logic elements               ; N/A until Partition Merge                   ;
;     Total combinational functions  ; N/A until Partition Merge                   ;
;     Dedicated logic registers      ; N/A until Partition Merge                   ;
; Total registers                    ; N/A until Partition Merge                   ;
; Total pins                         ; N/A until Partition Merge                   ;
; Total virtual pins                 ; N/A until Partition Merge                   ;
; Total memory bits                  ; N/A until Partition Merge                   ;
; Embedded Multiplier 9-bit elements ; N/A until Partition Merge                   ;
; Total PLLs                         ; N/A until Partition Merge                   ;
; UFM blocks                         ; N/A until Partition Merge                   ;
; ADC blocks                         ; N/A until Partition Merge                   ;
+------------------------------------+---------------------------------------------+


+------------------------------------------+
; Parallel Compilation                     ;
+----------------------------+-------------+
; Processors                 ; Number      ;
+----------------------------+-------------+
; Number detected on machine ; 4           ;
; Maximum allowed            ; 2           ;
;                            ;             ;
; Average used               ; 1.00        ;
; Maximum used               ; 1           ;
;                            ;             ;
; Usage by Processor         ; % Time Used ;
;     Processor 1            ; 100.0%      ;
+----------------------------+-------------+


+------------------------------------------------------------------------------------------------------------+
; Analysis & Elaboration Settings                                                                            ;
+------------------------------------------------------------------+--------------------+--------------------+
; Option                                                           ; Setting            ; Default Value      ;
+------------------------------------------------------------------+--------------------+--------------------+
; Device                                                           ; 10M50DAF484C7G     ;                    ;
; Top-level entity name                                            ; MUX2X1             ; BIP                ;
; Family name                                                      ; MAX 10             ; Cyclone V          ;
; Use smart compilation                                            ; Off                ; Off                ;
; Enable parallel Assembler and Timing Analyzer during compilation ; On                 ; On                 ;
; Enable compact report table                                      ; Off                ; Off                ;
; Restructure Multiplexers                                         ; Auto               ; Auto               ;
; Create Debugging Nodes for IP Cores                              ; Off                ; Off                ;
; Preserve fewer node names                                        ; On                 ; On                 ;
; Intel FPGA IP Evaluation Mode                                    ; Enable             ; Enable             ;
; Verilog Version                                                  ; Verilog_2001       ; Verilog_2001       ;
; VHDL Version                                                     ; VHDL_1993          ; VHDL_1993          ;
; State Machine Processing                                         ; Auto               ; Auto               ;
; Safe State Machine                                               ; Off                ; Off                ;
; Extract Verilog State Machines                                   ; On                 ; On                 ;
; Extract VHDL State Machines                                      ; On                 ; On                 ;
; Ignore Verilog initial constructs                                ; Off                ; Off                ;
; Iteration limit for constant Verilog loops                       ; 5000               ; 5000               ;
; Iteration limit for non-constant Verilog loops                   ; 250                ; 250                ;
; Add Pass-Through Logic to Inferred RAMs                          ; On                 ; On                 ;
; Infer RAMs from Raw Logic                                        ; On                 ; On                 ;
; Parallel Synthesis                                               ; On                 ; On                 ;
; DSP Block Balancing                                              ; Auto               ; Auto               ;
; NOT Gate Push-Back                                               ; On                 ; On                 ;
; Power-Up Don't Care                                              ; On                 ; On                 ;
; Remove Redundant Logic Cells                                     ; Off                ; Off                ;
; Remove Duplicate Registers                                       ; On                 ; On                 ;
; Ignore CARRY Buffers                                             ; Off                ; Off                ;
; Ignore CASCADE Buffers                                           ; Off                ; Off                ;
; Ignore GLOBAL Buffers                                            ; Off                ; Off                ;
; Ignore ROW GLOBAL Buffers                                        ; Off                ; Off                ;
; Ignore LCELL Buffers                                             ; Off                ; Off                ;
; Ignore SOFT Buffers                                              ; On                 ; On                 ;
; Limit AHDL Integers to 32 Bits                                   ; Off                ; Off                ;
; Optimization Technique                                           ; Balanced           ; Balanced           ;
; Carry Chain Length                                               ; 70                 ; 70                 ;
; Auto Carry Chains                                                ; On                 ; On                 ;
; Auto Open-Drain Pins                                             ; On                 ; On                 ;
; Perform WYSIWYG Primitive Resynthesis                            ; Off                ; Off                ;
; Auto ROM Replacement                                             ; On                 ; On                 ;
; Auto RAM Replacement                                             ; On                 ; On                 ;
; Auto DSP Block Replacement                                       ; On                 ; On                 ;
; Auto Shift Register Replacement                                  ; Auto               ; Auto               ;
; Allow Shift Register Merging across Hierarchies                  ; Auto               ; Auto               ;
; Auto Clock Enable Replacement                                    ; On                 ; On                 ;
; Strict RAM Replacement                                           ; Off                ; Off                ;
; Allow Synchronous Control Signals                                ; On                 ; On                 ;
; Force Use of Synchronous Clear Signals                           ; Off                ; Off                ;
; Auto RAM Block Balancing                                         ; On                 ; On                 ;
; Auto RAM to Logic Cell Conversion                                ; Off                ; Off                ;
; Auto Resource Sharing                                            ; Off                ; Off                ;
; Allow Any RAM Size For Recognition                               ; Off                ; Off                ;
; Allow Any ROM Size For Recognition                               ; Off                ; Off                ;
; Allow Any Shift Register Size For Recognition                    ; Off                ; Off                ;
; Use LogicLock Constraints during Resource Balancing              ; On                 ; On                 ;
; Ignore translate_off and synthesis_off directives                ; Off                ; Off                ;
; Timing-Driven Synthesis                                          ; On                 ; On                 ;
; Report Parameter Settings                                        ; On                 ; On                 ;
; Report Source Assignments                                        ; On                 ; On                 ;
; Report Connectivity Checks                                       ; On                 ; On                 ;
; Ignore Maximum Fan-Out Assignments                               ; Off                ; Off                ;
; Synchronization Register Chain Length                            ; 2                  ; 2                  ;
; Power Optimization During Synthesis                              ; Normal compilation ; Normal compilation ;
; HDL message level                                                ; Level2             ; Level2             ;
; Suppress Register Optimization Related Messages                  ; Off                ; Off                ;
; Number of Removed Registers Reported in Synthesis Report         ; 5000               ; 5000               ;
; Number of Swept Nodes Reported in Synthesis Report               ; 5000               ; 5000               ;
; Number of Inverted Registers Reported in Synthesis Report        ; 100                ; 100                ;
; Clock MUX Protection                                             ; On                 ; On                 ;
; Auto Gated Clock Conversion                                      ; Off                ; Off                ;
; Block Design Naming                                              ; Auto               ; Auto               ;
; SDC constraint protection                                        ; Off                ; Off                ;
; Synthesis Effort                                                 ; Auto               ; Auto               ;
; Shift Register Replacement - Allow Asynchronous Clear Signal     ; On                 ; On                 ;
; Pre-Mapping Resynthesis Optimization                             ; Off                ; Off                ;
; Analysis & Synthesis Message Level                               ; Medium             ; Medium             ;
; Disable Register Merging Across Hierarchies                      ; Auto               ; Auto               ;
; Resource Aware Inference For Block RAM                           ; On                 ; On                 ;
+------------------------------------------------------------------+--------------------+--------------------+


+---------------------------------+
; Analysis & Elaboration Messages ;
+---------------------------------+
Info: *******************************************************************
Info: Running Quartus Prime Analysis & Elaboration
    Info: Version 21.1.0 Build 842 10/21/2021 SJ Lite Edition
    Info: Processing started: Thu Jul 28 13:24:54 2022
Info: Command: quartus_map --read_settings_files=on --write_settings_files=off BIP -c BIP --analysis_and_elaboration
Warning (18236): Number of processors has not been specified which may cause overloading on shared machines.  Set the global assignment NUM_PARALLEL_PROCESSORS in your QSF to an appropriate value for best performance.
Info (20030): Parallel compilation is enabled and will use 2 of the 2 processors detected
Info (12021): Found 1 design units, including 1 entities, in source file bip.vhd
    Info (12023): Found entity 1: BIP File: D:/UFSC/2022.1/VHDL/Trabalho Final/BIP/BIP.vhd Line: 4
Info (12021): Found 2 design units, including 1 entities, in source file ram.vhd
    Info (12022): Found design unit 1: ram-SYN File: D:/UFSC/2022.1/VHDL/Trabalho Final/BIP/RAM.vhd Line: 55
    Info (12023): Found entity 1: RAM File: D:/UFSC/2022.1/VHDL/Trabalho Final/BIP/RAM.vhd Line: 43
Info (12021): Found 2 design units, including 1 entities, in source file rom.vhd
    Info (12022): Found design unit 1: rom-SYN File: D:/UFSC/2022.1/VHDL/Trabalho Final/BIP/ROM.vhd Line: 53
    Info (12023): Found entity 1: ROM File: D:/UFSC/2022.1/VHDL/Trabalho Final/BIP/ROM.vhd Line: 43
Info (12021): Found 2 design units, including 1 entities, in source file mux2x1.vhd
    Info (12022): Found design unit 1: MUX2X1-Behavioral File: D:/UFSC/2022.1/VHDL/Trabalho Final/BIP/MUX2X1.vhd Line: 15
    Info (12023): Found entity 1: MUX2X1 File: D:/UFSC/2022.1/VHDL/Trabalho Final/BIP/MUX2X1.vhd Line: 5
Info (12021): Found 2 design units, including 1 entities, in source file mux3x1.vhd
    Info (12022): Found design unit 1: MUX3X1-Behavioral File: D:/UFSC/2022.1/VHDL/Trabalho Final/BIP/MUX3X1.vhd Line: 15
    Info (12023): Found entity 1: MUX3X1 File: D:/UFSC/2022.1/VHDL/Trabalho Final/BIP/MUX3X1.vhd Line: 5
Info (12021): Found 2 design units, including 1 entities, in source file ula.vhd
    Info (12022): Found design unit 1: ula-Behavioral File: D:/UFSC/2022.1/VHDL/Trabalho Final/BIP/ULA.vhd Line: 15
    Info (12023): Found entity 1: ula File: D:/UFSC/2022.1/VHDL/Trabalho Final/BIP/ULA.vhd Line: 4
Info (12021): Found 2 design units, including 1 entities, in source file sete_segmentos.vhd
    Info (12022): Found design unit 1: SETE_SEGMENTOS-Behavioral File: D:/UFSC/2022.1/VHDL/Trabalho Final/BIP/SETE_SEGMENTOS.vhd Line: 16
    Info (12023): Found entity 1: SETE_SEGMENTOS File: D:/UFSC/2022.1/VHDL/Trabalho Final/BIP/SETE_SEGMENTOS.vhd Line: 7
Info (12021): Found 2 design units, including 1 entities, in source file ula_tb.vhd
    Info (12022): Found design unit 1: TB_ULA-behavior File: D:/UFSC/2022.1/VHDL/Trabalho Final/BIP/ULA_TB.vhd Line: 8
    Info (12023): Found entity 1: TB_ULA File: D:/UFSC/2022.1/VHDL/Trabalho Final/BIP/ULA_TB.vhd Line: 5
Info (12021): Found 2 design units, including 1 entities, in source file control.vhd
    Info (12022): Found design unit 1: CONTROL-Behavioral File: D:/UFSC/2022.1/VHDL/Trabalho Final/BIP/CONTROL.vhd Line: 21
    Info (12023): Found entity 1: CONTROL File: D:/UFSC/2022.1/VHDL/Trabalho Final/BIP/CONTROL.vhd Line: 7
Info (12021): Found 2 design units, including 1 entities, in source file pc.vhd
    Info (12022): Found design unit 1: PC-Behavioral File: D:/UFSC/2022.1/VHDL/Trabalho Final/BIP/PC.vhd Line: 18
    Info (12023): Found entity 1: PC File: D:/UFSC/2022.1/VHDL/Trabalho Final/BIP/PC.vhd Line: 8
Info (12021): Found 2 design units, including 1 entities, in source file ir.vhd
    Info (12022): Found design unit 1: IR-Behavioral File: D:/UFSC/2022.1/VHDL/Trabalho Final/BIP/IR.vhd Line: 16
    Info (12023): Found entity 1: IR File: D:/UFSC/2022.1/VHDL/Trabalho Final/BIP/IR.vhd Line: 6
Info (12021): Found 2 design units, including 1 entities, in source file acc.vhd
    Info (12022): Found design unit 1: ACC-Behavioral File: D:/UFSC/2022.1/VHDL/Trabalho Final/BIP/ACC.vhd Line: 17
    Info (12023): Found entity 1: ACC File: D:/UFSC/2022.1/VHDL/Trabalho Final/BIP/ACC.vhd Line: 6
Info (12021): Found 2 design units, including 1 entities, in source file acc_tb.vhd
    Info (12022): Found design unit 1: tb_accumulator-behavior File: D:/UFSC/2022.1/VHDL/Trabalho Final/BIP/ACC_TB.vhd Line: 10
    Info (12023): Found entity 1: tb_accumulator File: D:/UFSC/2022.1/VHDL/Trabalho Final/BIP/ACC_TB.vhd Line: 7
Info (12021): Found 2 design units, including 1 entities, in source file pll.vhd
    Info (12022): Found design unit 1: pll-SYN File: D:/UFSC/2022.1/VHDL/Trabalho Final/BIP/PLL.vhd Line: 54
    Info (12023): Found entity 1: PLL File: D:/UFSC/2022.1/VHDL/Trabalho Final/BIP/PLL.vhd Line: 43
Info (12127): Elaborating entity "MUX2X1" for the top level hierarchy
Warning (10492): VHDL Process Statement warning at MUX2X1.vhd(20): signal "B" is read inside the Process Statement but isn't in the Process Statement's sensitivity list File: D:/UFSC/2022.1/VHDL/Trabalho Final/BIP/MUX2X1.vhd Line: 20
Warning (10492): VHDL Process Statement warning at MUX2X1.vhd(22): signal "A" is read inside the Process Statement but isn't in the Process Statement's sensitivity list File: D:/UFSC/2022.1/VHDL/Trabalho Final/BIP/MUX2X1.vhd Line: 22
Info: Quartus Prime Analysis & Elaboration was successful. 0 errors, 3 warnings
    Info: Peak virtual memory: 4788 megabytes
    Info: Processing ended: Thu Jul 28 13:25:08 2022
    Info: Elapsed time: 00:00:14
    Info: Total CPU time (on all processors): 00:00:33


